<?xml version="1.0" encoding="UTF-8"?>
<!-- Generated by org.testng.reporters.JUnitReportReporter -->
<testsuite skipped="0" hostname="DESKTOP-N308L1J" name="test.AddCustomerTest" tests="1" failures="0" timestamp="29 May 2021 17:59:54 GMT" time="33.813" errors="0">
  <testcase name="validUserShouldBeAbleToUseAddCustomerOnListCustomerPage" time="33.813" classname="test.AddCustomerTest"/>
</testsuite> <!-- test.AddCustomerTest -->
