<?xml version="1.0" encoding="UTF-8"?>
<!-- Generated by org.testng.reporters.JUnitReportReporter -->
<testsuite skipped="0" hostname="DESKTOP-N308L1J" name="test.LoginTest" tests="1" failures="0" timestamp="29 May 2021 17:22:25 GMT" time="15.292" errors="0">
  <testcase name="validUserShouldBeAbleToLogin" time="15.292" classname="test.LoginTest"/>
</testsuite> <!-- test.LoginTest -->
